Using pre-set license
Built from '2021.3/staging' branch; Version is '2021.3.5f1 (40eb3a945986) revision 4254522'; Using compiler version '192829333'; Build Type 'Release'
OS: 'Windows 11  (10.0.22631) 64bit Core' Language: 'en' Physical Memory: 16143 MB
BatchMode: 1, IsHumanControllingUs: 0, StartBugReporterOnCrash: 0, Is64bit: 1, IsPro: 1

COMMAND LINE ARGUMENTS:
C:\Program Files\Unity\Hub\Editor\2021.3.5f1\Editor\Unity.exe
-adb2
-batchMode
-noUpm
-name
AssetImportWorker0
-projectPath
C:/Unity Projects/351-Project-3/351-Project-3/Program3
-logFile
Logs/AssetImportWorker0.log
-srvPort
57247
Successfully changed project path to: C:/Unity Projects/351-Project-3/351-Project-3/Program3
C:/Unity Projects/351-Project-3/351-Project-3/Program3
[UnityMemory] Configuration Parameters - Can be set up in boot.config
    "memorysetup-bucket-allocator-granularity=16"
    "memorysetup-bucket-allocator-bucket-count=8"
    "memorysetup-bucket-allocator-block-size=33554432"
    "memorysetup-bucket-allocator-block-count=8"
    "memorysetup-main-allocator-block-size=16777216"
    "memorysetup-thread-allocator-block-size=16777216"
    "memorysetup-gfx-main-allocator-block-size=16777216"
    "memorysetup-gfx-thread-allocator-block-size=16777216"
    "memorysetup-cache-allocator-block-size=4194304"
    "memorysetup-typetree-allocator-block-size=2097152"
    "memorysetup-profiler-bucket-allocator-granularity=16"
    "memorysetup-profiler-bucket-allocator-bucket-count=8"
    "memorysetup-profiler-bucket-allocator-block-size=33554432"
    "memorysetup-profiler-bucket-allocator-block-count=8"
    "memorysetup-profiler-allocator-block-size=16777216"
    "memorysetup-profiler-editor-allocator-block-size=1048576"
    "memorysetup-temp-allocator-size-main=16777216"
    "memorysetup-job-temp-allocator-block-size=2097152"
    "memorysetup-job-temp-allocator-block-size-background=1048576"
    "memorysetup-job-temp-allocator-reduction-small-platforms=262144"
    "memorysetup-temp-allocator-size-background-worker=32768"
    "memorysetup-temp-allocator-size-job-worker=262144"
    "memorysetup-temp-allocator-size-preload-manager=33554432"
    "memorysetup-temp-allocator-size-nav-mesh-worker=65536"
    "memorysetup-temp-allocator-size-audio-worker=65536"
    "memorysetup-temp-allocator-size-cloud-worker=32768"
    "memorysetup-temp-allocator-size-gi-baking-worker=262144"
    "memorysetup-temp-allocator-size-gfx=262144"
Refreshing native plugins compatible for Editor in 157.31 ms, found 3 plugins.
Preloading 0 native plugins for Editor in 0.00 ms.
Initialize engine version: 2021.3.5f1 (40eb3a945986)
[Subsystems] Discovering subsystems at path C:/Program Files/Unity/Hub/Editor/2021.3.5f1/Editor/Data/Resources/UnitySubsystems
[Subsystems] Discovering subsystems at path C:/Unity Projects/351-Project-3/351-Project-3/Program3/Assets
GfxDevice: creating device client; threaded=0; jobified=0
Direct3D:
    Version:  Direct3D 11.0 [level 11.1]
    Renderer: Intel(R) UHD Graphics (ID=0x9bc4)
    Vendor:   Intel
    VRAM:     8071 MB
    Driver:   30.0.100.9864
Initialize mono
Mono path[0] = 'C:/Program Files/Unity/Hub/Editor/2021.3.5f1/Editor/Data/Managed'
Mono path[1] = 'C:/Program Files/Unity/Hub/Editor/2021.3.5f1/Editor/Data/MonoBleedingEdge/lib/mono/unityjit-win32'
Mono config path = 'C:/Program Files/Unity/Hub/Editor/2021.3.5f1/Editor/Data/MonoBleedingEdge/etc'
Using monoOptions --debugger-agent=transport=dt_socket,embedding=1,server=y,suspend=n,address=127.0.0.1:56716
Begin MonoManager ReloadAssembly
Registering precompiled unity dll's ...
Register platform support module: C:/Program Files/Unity/Hub/Editor/2021.3.5f1/Editor/Data/PlaybackEngines/WindowsStandaloneSupport/UnityEditor.WindowsStandalone.Extensions.dll
Registered in 0.008311 seconds.
Native extension for WindowsStandalone target not found
Refreshing native plugins compatible for Editor in 153.35 ms, found 3 plugins.
Preloading 0 native plugins for Editor in 0.00 ms.
Mono: successfully reloaded assembly
- Completed reload, in  0.936 seconds
Domain Reload Profiling:
	ReloadAssembly (937ms)
		BeginReloadAssembly (109ms)
			ExecutionOrderSort (0ms)
			DisableScriptedObjects (0ms)
			BackupInstance (0ms)
			ReleaseScriptingObjects (0ms)
			CreateAndSetChildDomain (1ms)
		EndReloadAssembly (659ms)
			LoadAssemblies (105ms)
			RebuildTransferFunctionScriptingTraits (0ms)
			SetupTypeCache (152ms)
			ReleaseScriptCaches (0ms)
			RebuildScriptCaches (37ms)
			SetupLoadedEditorAssemblies (395ms)
				LogAssemblyErrors (0ms)
				InitializePlatformSupportModulesInManaged (11ms)
				SetLoadedEditorAssemblies (0ms)
				RefreshPlugins (153ms)
				BeforeProcessingInitializeOnLoad (2ms)
				ProcessInitializeOnLoadAttributes (165ms)
				ProcessInitializeOnLoadMethodAttributes (63ms)
				AfterProcessingInitializeOnLoad (0ms)
				EditorAssembliesLoaded (0ms)
			ExecutionOrderSort2 (0ms)
			AwakeInstancesAfterBackupRestoration (0ms)
Platform modules already initialized, skipping
Registering precompiled user dll's ...
Registered in 0.014008 seconds.
Begin MonoManager ReloadAssembly
Symbol file LoadedFromMemory doesn't match image C:\Unity Projects\351-Project-3\351-Project-3\Program3\Library\PackageCache\com.unity.visualscripting@1.7.8\Editor\VisualScripting.Core\Dependencies\YamlDotNet\Unity.VisualScripting.YamlDotNet.dll
Symbol file LoadedFromMemory doesn't match image C:\Unity Projects\351-Project-3\351-Project-3\Program3\Library\PackageCache\com.unity.visualscripting@1.7.8\Editor\VisualScripting.Core\Dependencies\DotNetZip\Unity.VisualScripting.IonicZip.dll
Native extension for WindowsStandalone target not found
Refreshing native plugins compatible for Editor in 148.93 ms, found 3 plugins.
Preloading 0 native plugins for Editor in 0.00 ms.
Mono: successfully reloaded assembly
- Completed reload, in  1.864 seconds
Domain Reload Profiling:
	ReloadAssembly (1865ms)
		BeginReloadAssembly (161ms)
			ExecutionOrderSort (0ms)
			DisableScriptedObjects (8ms)
			BackupInstance (0ms)
			ReleaseScriptingObjects (0ms)
			CreateAndSetChildDomain (27ms)
		EndReloadAssembly (1513ms)
			LoadAssemblies (148ms)
			RebuildTransferFunctionScriptingTraits (0ms)
			SetupTypeCache (409ms)
			ReleaseScriptCaches (1ms)
			RebuildScriptCaches (97ms)
			SetupLoadedEditorAssemblies (784ms)
				LogAssemblyErrors (0ms)
				InitializePlatformSupportModulesInManaged (7ms)
				SetLoadedEditorAssemblies (0ms)
				RefreshPlugins (149ms)
				BeforeProcessingInitializeOnLoad (153ms)
				ProcessInitializeOnLoadAttributes (343ms)
				ProcessInitializeOnLoadMethodAttributes (119ms)
				AfterProcessingInitializeOnLoad (13ms)
				EditorAssembliesLoaded (0ms)
			ExecutionOrderSort2 (0ms)
			AwakeInstancesAfterBackupRestoration (9ms)
Platform modules already initialized, skipping
========================================================================
Worker process is ready to serve import requests
Launched and connected shader compiler UnityShaderCompiler.exe after 0.08 seconds
Refreshing native plugins compatible for Editor in 1.40 ms, found 3 plugins.
Preloading 0 native plugins for Editor in 0.00 ms.
Unloading 5018 Unused Serialized files (Serialized files now loaded: 0)
Unloading 34 unused Assets / (0.7 MB). Loaded Objects now: 5473.
Memory consumption went from 196.9 MB to 196.2 MB.
Total: 6.227400 ms (FindLiveObjects: 0.715900 ms CreateObjectMapping: 0.591500 ms MarkObjects: 4.476000 ms  DeleteObjects: 0.441900 ms)

AssetImportParameters requested are different than current active one (requested -> active):
  custom:video-decoder-ogg-theora: a1e56fd34408186e4bbccfd4996cb3dc -> 
  custom:container-muxer-webm: aa71ff27fc2769a1b78a27578f13a17b -> 
  custom:container-demuxer-webm: 4f35f7cbe854078d1ac9338744f61a02 -> 
  custom:video-encoder-webm-vp8: eb34c28f22e8b96e1ab97ce403110664 -> 
  custom:video-codec-MediaFoundation-h265: 746d11721c4dcdbdad8f713fa42b33f4 -> 
  custom:audio-encoder-webm-vorbis: bf7c407c2cedff20999df2af8eb42d56 -> 
  custom:framework-win-MediaFoundation: 216162199b28c13a410421893ffa2e32 -> 
  custom:container-demuxer-ogg: 62fdf1f143b41e24485cea50d1cbac27 -> 
  custom:video-decoder-webm-vp8: 9c59270c3fd7afecdb556c50c9e8de78 -> 
  custom:audio-decoder-ogg-vorbis: bf7c407c2cedff20999df2af8eb42d56 -> 
========================================================================
Received Import Request.
  Time since last request: 1678539.625270 seconds.
  path: Assets/New Universal Render Pipeline Asset.asset
  artifactKey: Guid(0a82dd832163cf14fbf30e06b0823e70) Importer(815301076,1909f56bfc062723c751e8b465ee728b)
Start importing Assets/New Universal Render Pipeline Asset.asset using Guid(0a82dd832163cf14fbf30e06b0823e70) Importer(815301076,1909f56bfc062723c751e8b465ee728b)  -> (artifact id: '11bd6bab1d384f70808d9be27e5842dc') in 0.113604 seconds 
========================================================================
Received Import Request.
  Time since last request: 162.405672 seconds.
  path: Assets/Animations
  artifactKey: Guid(417a9dbddf4a35f44afd5773bda38d37) Importer(815301076,1909f56bfc062723c751e8b465ee728b)
Start importing Assets/Animations using Guid(417a9dbddf4a35f44afd5773bda38d37) Importer(815301076,1909f56bfc062723c751e8b465ee728b)  -> (artifact id: 'ffb75764e859a06f1f23e7a02dbcb254') in 0.018263 seconds 
========================================================================
Received Import Request.
  Time since last request: 48.114334 seconds.
  path: Assets/Animations/Action
  artifactKey: Guid(99f9c1ac8615ce84597695218d688fda) Importer(815301076,1909f56bfc062723c751e8b465ee728b)
Start importing Assets/Animations/Action using Guid(99f9c1ac8615ce84597695218d688fda) Importer(815301076,1909f56bfc062723c751e8b465ee728b)  -> (artifact id: 'f69b7d689d125e864cec2b3cea3410f7') in 0.030321 seconds 
========================================================================
Received Import Request.
  Time since last request: 0.148074 seconds.
  path: Assets/Animations/Action/Anim_Regular@cast1.FBX
  artifactKey: Guid(c19677c612eb9fe4ab9e42d041a64e09) Importer(815301076,1909f56bfc062723c751e8b465ee728b)
Start importing Assets/Animations/Action/Anim_Regular@cast1.FBX using Guid(c19677c612eb9fe4ab9e42d041a64e09) Importer(815301076,1909f56bfc062723c751e8b465ee728b)  -> (artifact id: 'c9863b6286d3e61572b28e51f145ea0b') in 0.332245 seconds 
========================================================================
Received Import Request.
  Time since last request: 0.000060 seconds.
  path: Assets/Animations/Action/Anim_Regular@hit.FBX
  artifactKey: Guid(df09a45051fc60941863d16a0e4886d5) Importer(815301076,1909f56bfc062723c751e8b465ee728b)
Start importing Assets/Animations/Action/Anim_Regular@hit.FBX using Guid(df09a45051fc60941863d16a0e4886d5) Importer(815301076,1909f56bfc062723c751e8b465ee728b)  -> (artifact id: '8d8adef2797d360cf6f76cd68d2386f5') in 4.293212 seconds 
========================================================================
Received Import Request.
  Time since last request: 0.000044 seconds.
  path: Assets/Animations/Action/Anim_Regular@stunned.FBX
  artifactKey: Guid(a743f84e2b11c2d4b8e03426aa1428ba) Importer(815301076,1909f56bfc062723c751e8b465ee728b)
Start importing Assets/Animations/Action/Anim_Regular@stunned.FBX using Guid(a743f84e2b11c2d4b8e03426aa1428ba) Importer(815301076,1909f56bfc062723c751e8b465ee728b)  -> (artifact id: 'dccd5a6973131754d9b49799f3229f8e') in 0.058578 seconds 
========================================================================
Received Import Request.
  Time since last request: 0.000036 seconds.
  path: Assets/Animations/Action/Anim_Regular@pickup.FBX
  artifactKey: Guid(2a068e137cb792c44ab25bd56b017847) Importer(815301076,1909f56bfc062723c751e8b465ee728b)
Start importing Assets/Animations/Action/Anim_Regular@pickup.FBX using Guid(2a068e137cb792c44ab25bd56b017847) Importer(815301076,1909f56bfc062723c751e8b465ee728b)  -> (artifact id: 'd36afede207d4804569359feb63a46f3') in 0.116473 seconds 
========================================================================
Received Import Request.
  Time since last request: 0.000037 seconds.
  path: Assets/Animations/Action/Anim_Regular@goodbye.FBX
  artifactKey: Guid(0510250709cacfc4aa7c631dad37a00e) Importer(815301076,1909f56bfc062723c751e8b465ee728b)
Start importing Assets/Animations/Action/Anim_Regular@goodbye.FBX using Guid(0510250709cacfc4aa7c631dad37a00e) Importer(815301076,1909f56bfc062723c751e8b465ee728b)  -> (artifact id: '24e9e654813fa7aaf0a58a3d17281d11') in 0.077926 seconds 
========================================================================
Received Import Request.
  Time since last request: 0.000051 seconds.
  path: Assets/Animations/Action/Anim_Regular@salute.FBX
  artifactKey: Guid(a7508948607060e498f25006b176cb56) Importer(815301076,1909f56bfc062723c751e8b465ee728b)
Start importing Assets/Animations/Action/Anim_Regular@salute.FBX using Guid(a7508948607060e498f25006b176cb56) Importer(815301076,1909f56bfc062723c751e8b465ee728b)  -> (artifact id: 'b5281f866ebcf80cacbeb81bb1661f84') in 0.069730 seconds 
========================================================================
Received Import Request.
  Time since last request: 0.000054 seconds.
  path: Assets/Animations/Action/Anim_Regular@crouch.fbx
  artifactKey: Guid(3f5382032bf9459429430fb7715f8bcf) Importer(815301076,1909f56bfc062723c751e8b465ee728b)
Start importing Assets/Animations/Action/Anim_Regular@crouch.fbx using Guid(3f5382032bf9459429430fb7715f8bcf) Importer(815301076,1909f56bfc062723c751e8b465ee728b)  -> (artifact id: '3dc01715cab2e0404077a022261a87ab') in 0.076043 seconds 
